<?xml version="1.0" encoding="UTF-8"?>
<!-- Generated by org.testng.reporters.JUnitReportReporter -->
<testsuite hostname="eb48af6ee186" failures="0" tests="1" name="m.api.user.UserTest" time="6.678" errors="0" timestamp="2024-09-17T12:39:58 UTC" skipped="0">
  <testcase classname="m.api.user.UserTest" name="userCrudTest" time="6.678"/>
</testsuite> <!-- m.api.user.UserTest -->
