<?xml version="1.0" encoding="UTF-8"?>
<!-- Generated by org.testng.reporters.JUnitReportReporter -->
<testsuite hostname="eb48af6ee186" failures="0" tests="1" name="m.api.tenant.TenantTest" time="7.348" errors="0" timestamp="2024-09-17T12:39:58 UTC" skipped="0">
  <testcase classname="m.api.tenant.TenantTest" name="tenantCrudTest" time="7.348"/>
</testsuite> <!-- m.api.tenant.TenantTest -->
